Build started 24/10/2016 9:38:54 SA.
     1>Project "C:\Users\102\Desktop\D15PM02\CAU TRUC DU LIEU\CAY NHI PHAN\CAY NHI PHAN (QUAN LI CHUOI KI TU)\CAYNHIPHANQUANLICHUOI\CAYNHIPHANQUANLICHUOI\CAYNHIPHANQUANLICHUOI.vcxproj" on node 2 (build target(s)).
     1>InitializeBuildStatus:
         Creating "Debug\CAYNHIPHANQUANLICHUOI.unsuccessfulbuild" because "AlwaysCreate" was specified.
       ClCompile:
         C:\Program Files\Microsoft Visual Studio 10.0\VC\bin\CL.exe /c /Zi /nologo /W3 /WX- /Od /Oy- /D WIN32 /D _DEBUG /D _CONSOLE /D _UNICODE /D UNICODE /Gm /EHsc /RTC1 /MDd /GS /fp:precise /Zc:wchar_t /Zc:forScope /Fo"Debug\\" /Fd"Debug\vc100.pdb" /Gd /TP /analyze- /errorReport:prompt MAIN.cpp
         MAIN.cpp
     1>MAIN.cpp(353): warning C4101: 'q' : unreferenced local variable
       ManifestResourceCompile:
         All outputs are up-to-date.
       Link:
         C:\Program Files\Microsoft Visual Studio 10.0\VC\bin\link.exe /ERRORREPORT:PROMPT /OUT:"C:\Users\102\Desktop\D15PM02\CAU TRUC DU LIEU\CAY NHI PHAN\CAY NHI PHAN (QUAN LI CHUOI KI TU)\CAYNHIPHANQUANLICHUOI\Debug\CAYNHIPHANQUANLICHUOI.exe" /INCREMENTAL /NOLOGO kernel32.lib user32.lib gdi32.lib winspool.lib comdlg32.lib advapi32.lib shell32.lib ole32.lib oleaut32.lib uuid.lib odbc32.lib odbccp32.lib /MANIFEST /ManifestFile:"Debug\CAYNHIPHANQUANLICHUOI.exe.intermediate.manifest" /MANIFESTUAC:"level='asInvoker' uiAccess='false'" /DEBUG /PDB:"C:\Users\102\Desktop\D15PM02\CAU TRUC DU LIEU\CAY NHI PHAN\CAY NHI PHAN (QUAN LI CHUOI KI TU)\CAYNHIPHANQUANLICHUOI\Debug\CAYNHIPHANQUANLICHUOI.pdb" /SUBSYSTEM:CONSOLE /TLBID:1 /DYNAMICBASE /NXCOMPAT /IMPLIB:"C:\Users\102\Desktop\D15PM02\CAU TRUC DU LIEU\CAY NHI PHAN\CAY NHI PHAN (QUAN LI CHUOI KI TU)\CAYNHIPHANQUANLICHUOI\Debug\CAYNHIPHANQUANLICHUOI.lib" /MACHINE:X86 Debug\CAYNHIPHANQUANLICHUOI.exe.embed.manifest.res
         Debug\MAIN.obj
       Manifest:
         C:\Program Files\Microsoft SDKs\Windows\v7.0A\bin\mt.exe /nologo /verbose /out:"Debug\CAYNHIPHANQUANLICHUOI.exe.embed.manifest" /manifest Debug\CAYNHIPHANQUANLICHUOI.exe.intermediate.manifest
         All outputs are up-to-date.
       LinkEmbedManifest:
         All outputs are up-to-date.
         CAYNHIPHANQUANLICHUOI.vcxproj -> C:\Users\102\Desktop\D15PM02\CAU TRUC DU LIEU\CAY NHI PHAN\CAY NHI PHAN (QUAN LI CHUOI KI TU)\CAYNHIPHANQUANLICHUOI\Debug\CAYNHIPHANQUANLICHUOI.exe
       FinalizeBuildStatus:
         Deleting file "Debug\CAYNHIPHANQUANLICHUOI.unsuccessfulbuild".
         Touching "Debug\CAYNHIPHANQUANLICHUOI.lastbuildstate".
     1>Done Building Project "C:\Users\102\Desktop\D15PM02\CAU TRUC DU LIEU\CAY NHI PHAN\CAY NHI PHAN (QUAN LI CHUOI KI TU)\CAYNHIPHANQUANLICHUOI\CAYNHIPHANQUANLICHUOI\CAYNHIPHANQUANLICHUOI.vcxproj" (build target(s)).

Build succeeded.

Time Elapsed 00:00:01.02
